# JRE version: OpenJDK Runtime Environment JBR-21.0.3+13-509.15-jcef (21.0.3+13) (build 21.0.3+13-b509.15)
# Java VM: OpenJDK 64-Bit Server VM JBR-21.0.3+13-509.15-jcef (21.0.3+13-b509.15, mixed mode, tiered, compressed oops, compressed class ptrs, g1 gc, windows-amd64)
GC Precious Log:
 CardTable entry size: 512
 Card Set container configuration: InlinePtr #cards 5 size 8 Array Of Cards #cards 12 size 40 Howl #buckets 4 coarsen threshold 1843 Howl Bitmap #cards 512 size 80 coarsen threshold 460 Card regions per heap region 1 cards per card region 2048
 CPUs: 12 total, 12 available
 Memory: 32404M
 Large Page Support: Disabled
 NUMA Support: Disabled
 Compressed Oops: Enabled (32-bit)
 Heap Region Size: 1M
 Heap Min Capacity: 128M
 Heap Initial Capacity: 128M
 Heap Max Capacity: 1G
 Pre-touch: Disabled
 Parallel Workers: 10
 Concurrent Workers: 3
 Concurrent Refinement Workers: 10
 Periodic GC: Disabled
Heap:
 garbage-first heap   total 322560K, used 285302K [0x00000000c0000000, 0x0000000100000000)
  region size 1024K, 105 young (107520K), 12 survivors (12288K)
 Metaspace       used 199543K, committed 202240K, reserved 1245184K
  class space    used 24038K, committed 25152K, reserved 1048576K
GC Heap History (20 events):
Event: 1.209 GC heap before
{Heap before GC invocations=14 (full 0):
 garbage-first heap   total 177152K, used 146803K [0x00000000c0000000, 0x0000000100000000)
  region size 1024K, 72 young (73728K), 6 survivors (6144K)
 Metaspace       used 86431K, committed 87680K, reserved 1179648K
  class space    used 9585K, committed 10112K, reserved 1048576K
}
Event: 1.213 GC heap after
{Heap after GC invocations=15 (full 0):
 garbage-first heap   total 177152K, used 94208K [0x00000000c0000000, 0x0000000100000000)
  region size 1024K, 9 young (9216K), 9 survivors (9216K)
 Metaspace       used 86431K, committed 87680K, reserved 1179648K
  class space    used 9585K, committed 10112K, reserved 1048576K
}
Event: 1.315 GC heap before
{Heap before GC invocations=15 (full 0):
 garbage-first heap   total 177152K, used 171008K [0x00000000c0000000, 0x0000000100000000)
  region size 1024K, 62 young (63488K), 9 survivors (9216K)
 Metaspace       used 90012K, committed 91392K, reserved 1179648K
  class space    used 10058K, committed 10624K, reserved 1048576K
}
Event: 1.320 GC heap after
{Heap after GC invocations=16 (full 0):
 garbage-first heap   total 195584K, used 128000K [0x00000000c0000000, 0x0000000100000000)
  region size 1024K, 8 young (8192K), 8 survivors (8192K)
 Metaspace       used 90012K, committed 91392K, reserved 1179648K
  class space    used 10058K, committed 10624K, reserved 1048576K
}
Event: 1.360 GC heap before
{Heap before GC invocations=16 (full 0):
 garbage-first heap   total 195584K, used 171008K [0x00000000c0000000, 0x0000000100000000)
  region size 1024K, 51 young (52224K), 8 survivors (8192K)
 Metaspace       used 91577K, committed 92928K, reserved 1179648K
  class space    used 10228K, committed 10816K, reserved 1048576K
}
Event: 1.363 GC heap after
{Heap after GC invocations=17 (full 0):
 garbage-first heap   total 195584K, used 132787K [0x00000000c0000000, 0x0000000100000000)
  region size 1024K, 5 young (5120K), 5 survivors (5120K)
 Metaspace       used 91577K, committed 92928K, reserved 1179648K
  class space    used 10228K, committed 10816K, reserved 1048576K
}
Event: 1.419 GC heap before
{Heap before GC invocations=18 (full 0):
 garbage-first heap   total 260096K, used 172723K [0x00000000c0000000, 0x0000000100000000)
  region size 1024K, 46 young (47104K), 5 survivors (5120K)
 Metaspace       used 92941K, committed 94272K, reserved 1179648K
  class space    used 10397K, committed 10944K, reserved 1048576K
}
Event: 1.420 GC heap after
{Heap after GC invocations=19 (full 0):
 garbage-first heap   total 260096K, used 132582K [0x00000000c0000000, 0x0000000100000000)
  region size 1024K, 1 young (1024K), 1 survivors (1024K)
 Metaspace       used 92941K, committed 94272K, reserved 1179648K
  class space    used 10397K, committed 10944K, reserved 1048576K
}
Event: 1.734 GC heap before
{Heap before GC invocations=19 (full 0):
 garbage-first heap   total 260096K, used 220646K [0x00000000c0000000, 0x0000000100000000)
  region size 1024K, 87 young (89088K), 1 survivors (1024K)
 Metaspace       used 110736K, committed 112384K, reserved 1179648K
  class space    used 12624K, committed 13312K, reserved 1048576K
}
Event: 1.738 GC heap after
{Heap after GC invocations=20 (full 0):
 garbage-first heap   total 260096K, used 142783K [0x00000000c0000000, 0x0000000100000000)
  region size 1024K, 11 young (11264K), 11 survivors (11264K)
 Metaspace       used 110736K, committed 112384K, reserved 1179648K
  class space    used 12624K, committed 13312K, reserved 1048576K
}
Event: 1.833 GC heap before
{Heap before GC invocations=20 (full 0):
 garbage-first heap   total 260096K, used 171455K [0x00000000c0000000, 0x0000000100000000)
  region size 1024K, 40 young (40960K), 11 survivors (11264K)
 Metaspace       used 114278K, committed 115968K, reserved 1179648K
  class space    used 13056K, committed 13760K, reserved 1048576K
}
Event: 1.836 GC heap after
{Heap after GC invocations=21 (full 0):
 garbage-first heap   total 260096K, used 144860K [0x00000000c0000000, 0x0000000100000000)
  region size 1024K, 2 young (2048K), 2 survivors (2048K)
 Metaspace       used 114278K, committed 115968K, reserved 1179648K
  class space    used 13056K, committed 13760K, reserved 1048576K
}
Event: 2.022 GC heap before
{Heap before GC invocations=22 (full 0):
 garbage-first heap   total 288768K, used 255452K [0x00000000c0000000, 0x0000000100000000)
  region size 1024K, 81 young (82944K), 2 survivors (2048K)
 Metaspace       used 125534K, committed 127360K, reserved 1179648K
  class space    used 14459K, committed 15168K, reserved 1048576K
}
Event: 2.024 GC heap after
{Heap after GC invocations=23 (full 0):
 garbage-first heap   total 288768K, used 178964K [0x00000000c0000000, 0x0000000100000000)
  region size 1024K, 6 young (6144K), 6 survivors (6144K)
 Metaspace       used 125534K, committed 127360K, reserved 1179648K
  class space    used 14459K, committed 15168K, reserved 1048576K
}
Event: 2.249 GC heap before
{Heap before GC invocations=23 (full 0):
 garbage-first heap   total 288768K, used 259860K [0x00000000c0000000, 0x0000000100000000)
  region size 1024K, 86 young (88064K), 6 survivors (6144K)
 Metaspace       used 145784K, committed 148096K, reserved 1179648K
  class space    used 17071K, committed 18048K, reserved 1048576K
}
Event: 2.254 GC heap after
{Heap after GC invocations=24 (full 0):
 garbage-first heap   total 288768K, used 169564K [0x00000000c0000000, 0x0000000100000000)
  region size 1024K, 11 young (11264K), 11 survivors (11264K)
 Metaspace       used 145784K, committed 148096K, reserved 1179648K
  class space    used 17071K, committed 18048K, reserved 1048576K
}
Event: 2.489 GC heap before
{Heap before GC invocations=24 (full 0):
 garbage-first heap   total 288768K, used 224860K [0x00000000c0000000, 0x0000000100000000)
  region size 1024K, 67 young (68608K), 11 survivors (11264K)
 Metaspace       used 161193K, committed 163584K, reserved 1245184K
  class space    used 19019K, committed 20032K, reserved 1048576K
}
Event: 2.494 GC heap after
{Heap after GC invocations=25 (full 0):
 garbage-first heap   total 288768K, used 176128K [0x00000000c0000000, 0x0000000100000000)
  region size 1024K, 7 young (7168K), 7 survivors (7168K)
 Metaspace       used 161193K, committed 163584K, reserved 1245184K
  class space    used 19019K, committed 20032K, reserved 1048576K
}
Event: 2.924 GC heap before
{Heap before GC invocations=26 (full 0):
 garbage-first heap   total 322560K, used 263168K [0x00000000c0000000, 0x0000000100000000)
  region size 1024K, 90 young (92160K), 7 survivors (7168K)
 Metaspace       used 175793K, committed 178304K, reserved 1245184K
  class space    used 20935K, committed 22016K, reserved 1048576K
}
Event: 2.930 GC heap after
{Heap after GC invocations=27 (full 0):
 garbage-first heap   total 322560K, used 192118K [0x00000000c0000000, 0x0000000100000000)
  region size 1024K, 12 young (12288K), 12 survivors (12288K)
 Metaspace       used 175793K, committed 178304K, reserved 1245184K
  class space    used 20935K, committed 22016K, reserved 1048576K
}

