# JRE version: OpenJDK Runtime Environment JBR-21.0.3+13-509.15-jcef (21.0.3+13) (build 21.0.3+13-b509.15)
# Java VM: OpenJDK 64-Bit Server VM JBR-21.0.3+13-509.15-jcef (21.0.3+13-b509.15, mixed mode, tiered, compressed oops, compressed class ptrs, g1 gc, windows-amd64)
GC Precious Log:
 CardTable entry size: 512
 Card Set container configuration: InlinePtr #cards 5 size 8 Array Of Cards #cards 12 size 40 Howl #buckets 4 coarsen threshold 1843 Howl Bitmap #cards 512 size 80 coarsen threshold 460 Card regions per heap region 1 cards per card region 2048
 CPUs: 12 total, 12 available
 Memory: 32404M
 Large Page Support: Disabled
 NUMA Support: Disabled
 Compressed Oops: Enabled (32-bit)
 Heap Region Size: 1M
 Heap Min Capacity: 128M
 Heap Initial Capacity: 128M
 Heap Max Capacity: 1G
 Pre-touch: Disabled
 Parallel Workers: 10
 Concurrent Workers: 3
 Concurrent Refinement Workers: 10
 Periodic GC: Disabled
Heap:
 garbage-first heap   total 319488K, used 245722K [0x00000000c0000000, 0x0000000100000000)
  region size 1024K, 25 young (25600K), 8 survivors (8192K)
 Metaspace       used 216737K, committed 219840K, reserved 1245184K
  class space    used 26261K, committed 27584K, reserved 1048576K
GC Heap History (20 events):
Event: 1.553 GC heap before
{Heap before GC invocations=16 (full 0):
 garbage-first heap   total 182272K, used 156580K [0x00000000c0000000, 0x0000000100000000)
  region size 1024K, 26 young (26624K), 5 survivors (5120K)
 Metaspace       used 103154K, committed 104896K, reserved 1179648K
  class space    used 11682K, committed 12352K, reserved 1048576K
}
Event: 1.556 GC heap after
{Heap after GC invocations=17 (full 0):
 garbage-first heap   total 182272K, used 140149K [0x00000000c0000000, 0x0000000100000000)
  region size 1024K, 3 young (3072K), 3 survivors (3072K)
 Metaspace       used 103154K, committed 104896K, reserved 1179648K
  class space    used 11682K, committed 12352K, reserved 1048576K
}
Event: 1.672 GC heap before
{Heap before GC invocations=18 (full 0):
 garbage-first heap   total 247808K, used 164725K [0x00000000c0000000, 0x0000000100000000)
  region size 1024K, 27 young (27648K), 3 survivors (3072K)
 Metaspace       used 109448K, committed 111168K, reserved 1179648K
  class space    used 12490K, committed 13184K, reserved 1048576K
}
Event: 1.674 GC heap after
{Heap after GC invocations=19 (full 0):
 garbage-first heap   total 247808K, used 143134K [0x00000000c0000000, 0x0000000100000000)
  region size 1024K, 3 young (3072K), 3 survivors (3072K)
 Metaspace       used 109448K, committed 111168K, reserved 1179648K
  class space    used 12490K, committed 13184K, reserved 1048576K
}
Event: 1.922 GC heap before
{Heap before GC invocations=19 (full 0):
 garbage-first heap   total 247808K, used 224030K [0x00000000c0000000, 0x0000000100000000)
  region size 1024K, 69 young (70656K), 3 survivors (3072K)
 Metaspace       used 119327K, committed 121152K, reserved 1179648K
  class space    used 13740K, committed 14464K, reserved 1048576K
}
Event: 1.925 GC heap after
{Heap after GC invocations=20 (full 0):
 garbage-first heap   total 247808K, used 159873K [0x00000000c0000000, 0x0000000100000000)
  region size 1024K, 6 young (6144K), 6 survivors (6144K)
 Metaspace       used 119327K, committed 121152K, reserved 1179648K
  class space    used 13740K, committed 14464K, reserved 1048576K
}
Event: 1.928 GC heap before
{Heap before GC invocations=20 (full 0):
 garbage-first heap   total 247808K, used 160897K [0x00000000c0000000, 0x0000000100000000)
  region size 1024K, 8 young (8192K), 6 survivors (6144K)
 Metaspace       used 119444K, committed 121280K, reserved 1179648K
  class space    used 13761K, committed 14464K, reserved 1048576K
}
Event: 1.931 GC heap after
{Heap after GC invocations=21 (full 0):
 garbage-first heap   total 247808K, used 160294K [0x00000000c0000000, 0x0000000100000000)
  region size 1024K, 5 young (5120K), 5 survivors (5120K)
 Metaspace       used 119444K, committed 121280K, reserved 1179648K
  class space    used 13761K, committed 14464K, reserved 1048576K
}
Event: 2.154 GC heap before
{Heap before GC invocations=22 (full 0):
 garbage-first heap   total 309248K, used 237094K [0x00000000c0000000, 0x0000000100000000)
  region size 1024K, 67 young (68608K), 5 survivors (5120K)
 Metaspace       used 126050K, committed 128000K, reserved 1179648K
  class space    used 14620K, committed 15360K, reserved 1048576K
}
Event: 2.157 GC heap after
{Heap after GC invocations=23 (full 0):
 garbage-first heap   total 309248K, used 177643K [0x00000000c0000000, 0x0000000100000000)
  region size 1024K, 8 young (8192K), 8 survivors (8192K)
 Metaspace       used 126050K, committed 128000K, reserved 1179648K
  class space    used 14620K, committed 15360K, reserved 1048576K
}
Event: 2.493 GC heap before
{Heap before GC invocations=23 (full 0):
 garbage-first heap   total 309248K, used 276971K [0x00000000c0000000, 0x0000000100000000)
  region size 1024K, 106 young (108544K), 8 survivors (8192K)
 Metaspace       used 152828K, committed 155072K, reserved 1245184K
  class space    used 17897K, committed 18816K, reserved 1048576K
}
Event: 2.500 GC heap after
{Heap after GC invocations=24 (full 0):
 garbage-first heap   total 309248K, used 173106K [0x00000000c0000000, 0x0000000100000000)
  region size 1024K, 14 young (14336K), 14 survivors (14336K)
 Metaspace       used 152828K, committed 155072K, reserved 1245184K
  class space    used 17897K, committed 18816K, reserved 1048576K
}
Event: 2.674 GC heap before
{Heap before GC invocations=24 (full 0):
 garbage-first heap   total 309248K, used 224306K [0x00000000c0000000, 0x0000000100000000)
  region size 1024K, 66 young (67584K), 14 survivors (14336K)
 Metaspace       used 164265K, committed 166656K, reserved 1245184K
  class space    used 19300K, committed 20288K, reserved 1048576K
}
Event: 2.679 GC heap after
{Heap after GC invocations=25 (full 0):
 garbage-first heap   total 309248K, used 177488K [0x00000000c0000000, 0x0000000100000000)
  region size 1024K, 5 young (5120K), 5 survivors (5120K)
 Metaspace       used 164265K, committed 166656K, reserved 1245184K
  class space    used 19300K, committed 20288K, reserved 1048576K
}
Event: 3.472 GC heap before
{Heap before GC invocations=26 (full 0):
 garbage-first heap   total 319488K, used 278864K [0x00000000c0000000, 0x0000000100000000)
  region size 1024K, 104 young (106496K), 5 survivors (5120K)
 Metaspace       used 183665K, committed 186368K, reserved 1245184K
  class space    used 21848K, committed 22976K, reserved 1048576K
}
Event: 3.479 GC heap after
{Heap after GC invocations=27 (full 0):
 garbage-first heap   total 319488K, used 195763K [0x00000000c0000000, 0x0000000100000000)
  region size 1024K, 13 young (13312K), 13 survivors (13312K)
 Metaspace       used 183665K, committed 186368K, reserved 1245184K
  class space    used 21848K, committed 22976K, reserved 1048576K
}
Event: 4.194 GC heap before
{Heap before GC invocations=27 (full 0):
 garbage-first heap   total 319488K, used 284851K [0x00000000c0000000, 0x0000000100000000)
  region size 1024K, 101 young (103424K), 13 survivors (13312K)
 Metaspace       used 200640K, committed 203776K, reserved 1245184K
  class space    used 24172K, committed 25536K, reserved 1048576K
}
Event: 4.202 GC heap after
{Heap after GC invocations=28 (full 0):
 garbage-first heap   total 319488K, used 205138K [0x00000000c0000000, 0x0000000100000000)
  region size 1024K, 13 young (13312K), 13 survivors (13312K)
 Metaspace       used 200640K, committed 203776K, reserved 1245184K
  class space    used 24172K, committed 25536K, reserved 1048576K
}
Event: 4.666 GC heap before
{Heap before GC invocations=28 (full 0):
 garbage-first heap   total 319488K, used 254290K [0x00000000c0000000, 0x0000000100000000)
  region size 1024K, 63 young (64512K), 13 survivors (13312K)
 Metaspace       used 212290K, committed 215360K, reserved 1245184K
  class space    used 25692K, committed 27008K, reserved 1048576K
}
Event: 4.673 GC heap after
{Heap after GC invocations=29 (full 0):
 garbage-first heap   total 319488K, used 210906K [0x00000000c0000000, 0x0000000100000000)
  region size 1024K, 8 young (8192K), 8 survivors (8192K)
 Metaspace       used 212290K, committed 215360K, reserved 1245184K
  class space    used 25692K, committed 27008K, reserved 1048576K
}

