# JRE version: OpenJDK Runtime Environment JBR-21.0.3+13-509.15-jcef (21.0.3+13) (build 21.0.3+13-b509.15)
# Java VM: OpenJDK 64-Bit Server VM JBR-21.0.3+13-509.15-jcef (21.0.3+13-b509.15, mixed mode, tiered, compressed oops, compressed class ptrs, g1 gc, windows-amd64)
GC Precious Log:
 CardTable entry size: 512
 Card Set container configuration: InlinePtr #cards 5 size 8 Array Of Cards #cards 12 size 40 Howl #buckets 4 coarsen threshold 1843 Howl Bitmap #cards 512 size 80 coarsen threshold 460 Card regions per heap region 1 cards per card region 2048
 CPUs: 12 total, 12 available
 Memory: 32404M
 Large Page Support: Disabled
 NUMA Support: Disabled
 Compressed Oops: Enabled (32-bit)
 Heap Region Size: 1M
 Heap Min Capacity: 128M
 Heap Initial Capacity: 128M
 Heap Max Capacity: 1G
 Pre-touch: Disabled
 Parallel Workers: 10
 Concurrent Workers: 3
 Concurrent Refinement Workers: 10
 Periodic GC: Disabled
Heap:
 garbage-first heap   total 312320K, used 240510K [0x00000000c0000000, 0x0000000100000000)
  region size 1024K, 69 young (70656K), 5 survivors (5120K)
 Metaspace       used 135633K, committed 137472K, reserved 1179648K
  class space    used 15734K, committed 16512K, reserved 1048576K
GC Heap History (20 events):
Event: 0.909 GC heap before
{Heap before GC invocations=8 (full 0):
 garbage-first heap   total 131072K, used 59678K [0x00000000c0000000, 0x0000000100000000)
  region size 1024K, 10 young (10240K), 7 survivors (7168K)
 Metaspace       used 59941K, committed 60800K, reserved 1114112K
  class space    used 6293K, committed 6656K, reserved 1048576K
}
Event: 0.912 GC heap after
{Heap after GC invocations=9 (full 0):
 garbage-first heap   total 131072K, used 57840K [0x00000000c0000000, 0x0000000100000000)
  region size 1024K, 1 young (1024K), 1 survivors (1024K)
 Metaspace       used 59941K, committed 60800K, reserved 1114112K
  class space    used 6293K, committed 6656K, reserved 1048576K
}
Event: 1.056 GC heap before
{Heap before GC invocations=10 (full 0):
 garbage-first heap   total 131072K, used 108016K [0x00000000c0000000, 0x0000000100000000)
  region size 1024K, 48 young (49152K), 1 survivors (1024K)
 Metaspace       used 69479K, committed 70528K, reserved 1114112K
  class space    used 7418K, committed 7808K, reserved 1048576K
}
Event: 1.060 GC heap after
{Heap after GC invocations=11 (full 0):
 garbage-first heap   total 131072K, used 70394K [0x00000000c0000000, 0x0000000100000000)
  region size 1024K, 6 young (6144K), 6 survivors (6144K)
 Metaspace       used 69479K, committed 70528K, reserved 1114112K
  class space    used 7418K, committed 7808K, reserved 1048576K
}
Event: 1.129 GC heap before
{Heap before GC invocations=11 (full 0):
 garbage-first heap   total 131072K, used 107258K [0x00000000c0000000, 0x0000000100000000)
  region size 1024K, 42 young (43008K), 6 survivors (6144K)
 Metaspace       used 75536K, committed 76608K, reserved 1179648K
  class space    used 8207K, committed 8640K, reserved 1048576K
}
Event: 1.134 GC heap after
{Heap after GC invocations=12 (full 0):
 garbage-first heap   total 131072K, used 83552K [0x00000000c0000000, 0x0000000100000000)
  region size 1024K, 6 young (6144K), 6 survivors (6144K)
 Metaspace       used 75536K, committed 76608K, reserved 1179648K
  class space    used 8207K, committed 8640K, reserved 1048576K
}
Event: 1.218 GC heap before
{Heap before GC invocations=12 (full 0):
 garbage-first heap   total 131072K, used 111200K [0x00000000c0000000, 0x0000000100000000)
  region size 1024K, 33 young (33792K), 6 survivors (6144K)
 Metaspace       used 83655K, committed 84928K, reserved 1179648K
  class space    used 9153K, committed 9664K, reserved 1048576K
}
Event: 1.222 GC heap after
{Heap after GC invocations=13 (full 0):
 garbage-first heap   total 178176K, used 89271K [0x00000000c0000000, 0x0000000100000000)
  region size 1024K, 5 young (5120K), 5 survivors (5120K)
 Metaspace       used 83655K, committed 84928K, reserved 1179648K
  class space    used 9153K, committed 9664K, reserved 1048576K
}
Event: 1.490 GC heap before
{Heap before GC invocations=14 (full 0):
 garbage-first heap   total 178176K, used 165047K [0x00000000c0000000, 0x0000000100000000)
  region size 1024K, 59 young (60416K), 5 survivors (5120K)
 Metaspace       used 93375K, committed 94720K, reserved 1179648K
  class space    used 10393K, committed 10944K, reserved 1048576K
}
Event: 1.496 GC heap after
{Heap after GC invocations=15 (full 0):
 garbage-first heap   total 194560K, used 133634K [0x00000000c0000000, 0x0000000100000000)
  region size 1024K, 8 young (8192K), 8 survivors (8192K)
 Metaspace       used 93375K, committed 94720K, reserved 1179648K
  class space    used 10393K, committed 10944K, reserved 1048576K
}
Event: 1.636 GC heap before
{Heap before GC invocations=15 (full 0):
 garbage-first heap   total 194560K, used 167426K [0x00000000c0000000, 0x0000000100000000)
  region size 1024K, 41 young (41984K), 8 survivors (8192K)
 Metaspace       used 99065K, committed 100480K, reserved 1179648K
  class space    used 11082K, committed 11648K, reserved 1048576K
}
Event: 1.640 GC heap after
{Heap after GC invocations=16 (full 0):
 garbage-first heap   total 194560K, used 140571K [0x00000000c0000000, 0x0000000100000000)
  region size 1024K, 6 young (6144K), 6 survivors (6144K)
 Metaspace       used 99065K, committed 100480K, reserved 1179648K
  class space    used 11082K, committed 11648K, reserved 1048576K
}
Event: 1.713 GC heap before
{Heap before GC invocations=16 (full 0):
 garbage-first heap   total 194560K, used 153883K [0x00000000c0000000, 0x0000000100000000)
  region size 1024K, 21 young (21504K), 6 survivors (6144K)
 Metaspace       used 102088K, committed 103616K, reserved 1179648K
  class space    used 11460K, committed 12096K, reserved 1048576K
}
Event: 1.716 GC heap after
{Heap after GC invocations=17 (full 0):
 garbage-first heap   total 194560K, used 142455K [0x00000000c0000000, 0x0000000100000000)
  region size 1024K, 2 young (2048K), 2 survivors (2048K)
 Metaspace       used 102088K, committed 103616K, reserved 1179648K
  class space    used 11460K, committed 12096K, reserved 1048576K
}
Event: 1.831 GC heap before
{Heap before GC invocations=18 (full 0):
 garbage-first heap   total 250880K, used 174199K [0x00000000c0000000, 0x0000000100000000)
  region size 1024K, 33 young (33792K), 2 survivors (2048K)
 Metaspace       used 108104K, committed 109632K, reserved 1179648K
  class space    used 12226K, committed 12864K, reserved 1048576K
}
Event: 1.834 GC heap after
{Heap after GC invocations=19 (full 0):
 garbage-first heap   total 250880K, used 145020K [0x00000000c0000000, 0x0000000100000000)
  region size 1024K, 3 young (3072K), 3 survivors (3072K)
 Metaspace       used 108104K, committed 109632K, reserved 1179648K
  class space    used 12226K, committed 12864K, reserved 1048576K
}
Event: 2.096 GC heap before
{Heap before GC invocations=19 (full 0):
 garbage-first heap   total 250880K, used 231036K [0x00000000c0000000, 0x0000000100000000)
  region size 1024K, 74 young (75776K), 3 survivors (3072K)
 Metaspace       used 117891K, committed 119616K, reserved 1179648K
  class space    used 13476K, committed 14144K, reserved 1048576K
}
Event: 2.099 GC heap after
{Heap after GC invocations=20 (full 0):
 garbage-first heap   total 250880K, used 160504K [0x00000000c0000000, 0x0000000100000000)
  region size 1024K, 6 young (6144K), 6 survivors (6144K)
 Metaspace       used 117891K, committed 119616K, reserved 1179648K
  class space    used 13476K, committed 14144K, reserved 1048576K
}
Event: 2.163 GC heap before
{Heap before GC invocations=20 (full 0):
 garbage-first heap   total 250880K, used 183032K [0x00000000c0000000, 0x0000000100000000)
  region size 1024K, 30 young (30720K), 6 survivors (6144K)
 Metaspace       used 121178K, committed 123008K, reserved 1179648K
  class space    used 13893K, committed 14656K, reserved 1048576K
}
Event: 2.165 GC heap after
{Heap after GC invocations=21 (full 0):
 garbage-first heap   total 250880K, used 161662K [0x00000000c0000000, 0x0000000100000000)
  region size 1024K, 5 young (5120K), 5 survivors (5120K)
 Metaspace       used 121178K, committed 123008K, reserved 1179648K
  class space    used 13893K, committed 14656K, reserved 1048576K
}

